0 info it worked if it ends with ok
1 verbose cli [ '/Users/souranil/.nvm/versions/node/v6.3.0/bin/node',
1 verbose cli   '/Users/souranil/.nvm/versions/node/v6.3.0/bin/npm',
1 verbose cli   'start' ]
2 info using npm@3.10.3
3 info using node@v6.3.0
4 verbose run-script [ 'prestart', 'start', 'poststart' ]
5 info lifecycle assgn1@0.0.1~prestart: assgn1@0.0.1
6 silly lifecycle assgn1@0.0.1~prestart: no script for prestart, continuing
7 info lifecycle assgn1@0.0.1~start: assgn1@0.0.1
8 verbose lifecycle assgn1@0.0.1~start: unsafe-perm in lifecycle true
9 verbose lifecycle assgn1@0.0.1~start: PATH: /Users/souranil/.nvm/versions/node/v6.3.0/lib/node_modules/npm/bin/node-gyp-bin:/Users/souranil/Slade/SBU/visualization/assgn1/node_modules/.bin:/Users/souranil/.nvm/versions/node/v6.3.0/bin:/Users/souranil/.nvm/versions/node/v6.3.0/bin:/Users/souranil/.pyenv/shims:/opt/local/bin:/opt/local/sbin:/Library/PostgreSQL/9.4/bin:/Users/souranil/.pyenv/shims:/Users/souranil/.rvm/gems/ruby-2.0.0-p645/bin:/Users/souranil/.rvm/gems/ruby-2.0.0-p645@global/bin:/Users/souranil/.rvm/rubies/ruby-2.0.0-p645/bin:/Library/Frameworks/Python.framework/Versions/3.4/bin:/usr/local/bin:/usr/bin:/bin:/usr/sbin:/sbin:/Library/Frameworks/Python.framework/Versions/3.4/bin:/Users/souranil/.rvm/bin:/opt/android-sdk-macosx/platform-tools:/Library/PostgreSQL/9.4/bin/:/Users/souranil/.rvm/bin:/opt/android-sdk-macosx/platform-tools:/Library/PostgreSQL/9.4/bin/:/Users/souranil/.rvm/bin:/Users/souranil/.rvm/bin:/usr/local/go/bin
10 verbose lifecycle assgn1@0.0.1~start: CWD: /Users/souranil/Slade/SBU/visualization/assgn1
11 silly lifecycle assgn1@0.0.1~start: Args: [ '-c', 'node ./bin/www' ]
12 silly lifecycle assgn1@0.0.1~start: Returned: code: 1  signal: null
13 info lifecycle assgn1@0.0.1~start: Failed to exec start script
14 verbose stack Error: assgn1@0.0.1 start: `node ./bin/www`
14 verbose stack Exit status 1
14 verbose stack     at EventEmitter.<anonymous> (/Users/souranil/.nvm/versions/node/v6.3.0/lib/node_modules/npm/lib/utils/lifecycle.js:242:16)
14 verbose stack     at emitTwo (events.js:106:13)
14 verbose stack     at EventEmitter.emit (events.js:191:7)
14 verbose stack     at ChildProcess.<anonymous> (/Users/souranil/.nvm/versions/node/v6.3.0/lib/node_modules/npm/lib/utils/spawn.js:40:14)
14 verbose stack     at emitTwo (events.js:106:13)
14 verbose stack     at ChildProcess.emit (events.js:191:7)
14 verbose stack     at maybeClose (internal/child_process.js:852:16)
14 verbose stack     at Process.ChildProcess._handle.onexit (internal/child_process.js:215:5)
15 verbose pkgid assgn1@0.0.1
16 verbose cwd /Users/souranil/Slade/SBU/visualization/assgn1
17 error Darwin 16.4.0
18 error argv "/Users/souranil/.nvm/versions/node/v6.3.0/bin/node" "/Users/souranil/.nvm/versions/node/v6.3.0/bin/npm" "start"
19 error node v6.3.0
20 error npm  v3.10.3
21 error code ELIFECYCLE
22 error assgn1@0.0.1 start: `node ./bin/www`
22 error Exit status 1
23 error Failed at the assgn1@0.0.1 start script 'node ./bin/www'.
23 error Make sure you have the latest version of node.js and npm installed.
23 error If you do, this is most likely a problem with the assgn1 package,
23 error not with npm itself.
23 error Tell the author that this fails on your system:
23 error     node ./bin/www
23 error You can get information on how to open an issue for this project with:
23 error     npm bugs assgn1
23 error Or if that isn't available, you can get their info via:
23 error     npm owner ls assgn1
23 error There is likely additional logging output above.
24 verbose exit [ 1, true ]
